<?xml version="1.0" encoding="UTF-8"?>
<!-- Generated by org.testng.reporters.JUnitReportReporter -->
<testsuite skipped="0" hostname="tc-17-101p62-l" name="cars.tests.BaseTest" tests="1" failures="0" timestamp="22 May 2017 06:51:40 GMT" time="39.879" errors="0">
  <testcase name="xTest" time="39.879" classname="cars.tests.BaseTest"/>
</testsuite> <!-- cars.tests.BaseTest -->
